<?xml version="1.0" encoding="UTF-8"?>
<!-- Generated by org.testng.reporters.JUnitXMLReporter -->
<testsuite ignored="0" hostname="DESKTOP-C076MD1" failures="0" tests="3" name="Default test" time="0.387" errors="0" timestamp="2023-07-03T17:33:57 IST">
  <testcase classname="Section14_SeleniumJavaStreams_AutomateSort_Pagination_FilteringtheWebTables.aLearning_Java_Streams" name="StreamCollect" time="0.068"/>
  <testcase classname="Section14_SeleniumJavaStreams_AutomateSort_Pagination_FilteringtheWebTables.aLearning_Java_Streams" name="StreamFilter" time="0.036"/>
  <testcase classname="Section14_SeleniumJavaStreams_AutomateSort_Pagination_FilteringtheWebTables.aLearning_Java_Streams" name="StreamMap" time="0.042"/>
</testsuite> <!-- Default test -->
