<?xml version="1.0" encoding="UTF-8"?>
<testng-results ignored="0" total="3" passed="3" failed="0" skipped="0">
  <reporter-output>
  </reporter-output>
  <suite started-at="2023-07-03T17:33:57 IST" name="Default suite" finished-at="2023-07-03T17:33:57 IST" duration-ms="387">
    <groups>
    </groups>
    <test started-at="2023-07-03T17:33:57 IST" name="Default test" finished-at="2023-07-03T17:33:57 IST" duration-ms="387">
      <class name="Section14_SeleniumJavaStreams_AutomateSort_Pagination_FilteringtheWebTables.aLearning_Java_Streams">
        <test-method signature="StreamCollect()[pri:0, instance:Section14_SeleniumJavaStreams_AutomateSort_Pagination_FilteringtheWebTables.aLearning_Java_Streams@4a94ee4]" started-at="2023-07-03T17:33:57 IST" name="StreamCollect" finished-at="2023-07-03T17:33:57 IST" duration-ms="68" status="PASS">
          <reporter-output>
          </reporter-output>
        </test-method> <!-- StreamCollect -->
        <test-method signature="StreamFilter()[pri:0, instance:Section14_SeleniumJavaStreams_AutomateSort_Pagination_FilteringtheWebTables.aLearning_Java_Streams@4a94ee4]" started-at="2023-07-03T17:33:57 IST" name="StreamFilter" finished-at="2023-07-03T17:33:57 IST" duration-ms="36" status="PASS">
          <reporter-output>
          </reporter-output>
        </test-method> <!-- StreamFilter -->
        <test-method signature="StreamMap()[pri:0, instance:Section14_SeleniumJavaStreams_AutomateSort_Pagination_FilteringtheWebTables.aLearning_Java_Streams@4a94ee4]" started-at="2023-07-03T17:33:57 IST" name="StreamMap" finished-at="2023-07-03T17:33:57 IST" duration-ms="42" status="PASS">
          <reporter-output>
          </reporter-output>
        </test-method> <!-- StreamMap -->
      </class> <!-- Section14_SeleniumJavaStreams_AutomateSort_Pagination_FilteringtheWebTables.aLearning_Java_Streams -->
    </test> <!-- Default test -->
  </suite> <!-- Default suite -->
</testng-results>
